SeekArc_sample/build/outputs/logs/manifest-merger-debug-report.txt
-- Merging decision tree log ---
manifest
ADDED from Smartxa/SeekArc_sample/AndroidManifest.xml:25:1-68:12
	package
		ADDED from Smartxa/SeekArc_sample/AndroidManifest.xml:26:5-37
		INJECTED from Smartxa/SeekArc_sample/AndroidManifest.xml
		INJECTED from Smartxa/SeekArc_sample/AndroidManifest.xml
	android:versionName
		ADDED from Smartxa/SeekArc_sample/AndroidManifest.xml:28:5-30
		INJECTED from Smartxa/SeekArc_sample/AndroidManifest.xml
		INJECTED from Smartxa/SeekArc_sample/AndroidManifest.xml
	android:versionCode
		ADDED from Smartxa/SeekArc_sample/AndroidManifest.xml:27:5-28
		INJECTED from Smartxa/SeekArc_sample/AndroidManifest.xml
		INJECTED from Smartxa/SeekArc_sample/AndroidManifest.xml
	xmlns:android
		ADDED from Smartxa/SeekArc_sample/AndroidManifest.xml:25:11-69
uses-sdk
ADDED from Smartxa/SeekArc_sample/AndroidManifest.xml:30:5-32:41
MERGED from [Smartxa:SeekArc_library:unspecified] AndroidManifest.xml:30:5-32:41
MERGED from [com.android.support:appcompat-v7:23.1.1] AndroidManifest.xml:20:5-43
MERGED from [com.android.support:support-v4:23.1.1] AndroidManifest.xml:20:5-43
	android:targetSdkVersion
		ADDED from Smartxa/SeekArc_sample/AndroidManifest.xml:32:9-38
		INJECTED from Smartxa/SeekArc_sample/AndroidManifest.xml
		INJECTED from Smartxa/SeekArc_sample/AndroidManifest.xml
	android:minSdkVersion
		ADDED from Smartxa/SeekArc_sample/AndroidManifest.xml:31:9-34
		INJECTED from Smartxa/SeekArc_sample/AndroidManifest.xml
		INJECTED from Smartxa/SeekArc_sample/AndroidManifest.xml
application
ADDED from Smartxa/SeekArc_sample/AndroidManifest.xml:34:5-66:19
MERGED from [Smartxa:SeekArc_library:unspecified] AndroidManifest.xml:34:5-38:19
MERGED from [com.android.support:appcompat-v7:23.1.1] AndroidManifest.xml:22:5-20
MERGED from [com.android.support:support-v4:23.1.1] AndroidManifest.xml:22:5-20
	android:label
		ADDED from Smartxa/SeekArc_sample/AndroidManifest.xml:37:9-41
	android:allowBackup
		ADDED from Smartxa/SeekArc_sample/AndroidManifest.xml:35:9-35
	android:icon
		ADDED from Smartxa/SeekArc_sample/AndroidManifest.xml:36:9-45
	android:theme
		ADDED from Smartxa/SeekArc_sample/AndroidManifest.xml:38:9-40
activity#com.triggertrap.sample.MainActivity
ADDED from Smartxa/SeekArc_sample/AndroidManifest.xml:39:9-47:20
	android:label
		ADDED from Smartxa/SeekArc_sample/AndroidManifest.xml:41:13-45
	android:name
		ADDED from Smartxa/SeekArc_sample/AndroidManifest.xml:40:13-63
intent-filter#android.intent.action.MAIN+android.intent.category.LAUNCHER
ADDED from Smartxa/SeekArc_sample/AndroidManifest.xml:42:13-46:29
action#android.intent.action.MAIN
ADDED from Smartxa/SeekArc_sample/AndroidManifest.xml:43:17-69
	android:name
		ADDED from Smartxa/SeekArc_sample/AndroidManifest.xml:43:25-66
category#android.intent.category.LAUNCHER
ADDED from Smartxa/SeekArc_sample/AndroidManifest.xml:45:17-77
	android:name
		ADDED from Smartxa/SeekArc_sample/AndroidManifest.xml:45:27-74
activity#com.triggertrap.sample.SimpleActivity
ADDED from Smartxa/SeekArc_sample/AndroidManifest.xml:48:9-51:20
	android:label
		ADDED from Smartxa/SeekArc_sample/AndroidManifest.xml:50:13-58
	android:name
		ADDED from Smartxa/SeekArc_sample/AndroidManifest.xml:49:13-65
activity#com.triggertrap.sample.ScrollViewActivity
ADDED from Smartxa/SeekArc_sample/AndroidManifest.xml:53:9-56:20
	android:label
		ADDED from Smartxa/SeekArc_sample/AndroidManifest.xml:55:13-62
	android:name
		ADDED from Smartxa/SeekArc_sample/AndroidManifest.xml:54:13-69
activity#com.triggertrap.sample.DisabledActivity
ADDED from Smartxa/SeekArc_sample/AndroidManifest.xml:58:9-61:20
	android:label
		ADDED from Smartxa/SeekArc_sample/AndroidManifest.xml:60:13-60
	android:name
		ADDED from Smartxa/SeekArc_sample/AndroidManifest.xml:59:13-67
activity#com.triggertrap.sample.CustomActivity
ADDED from Smartxa/SeekArc_sample/AndroidManifest.xml:62:9-65:20
	android:label
		ADDED from Smartxa/SeekArc_sample/AndroidManifest.xml:64:13-58
	android:name
		ADDED from Smartxa/SeekArc_sample/AndroidManifest.xml:63:13-65